[2021-03-06 16:13:24] Текст ошибки: Страница не найдена | Файл: D:\Openserver\Unpacked\OSPanel\domains\ishop2.loc\public\index.php | Строка: 5
=============
[2021-03-06 16:13:24] Текст ошибки: Страница не найдена | Файл: D:\Openserver\Unpacked\OSPanel\domains\ishop2.loc\public\index.php | Строка: 5
=============
[2021-03-06 16:16:28] Текст ошибки: Страница не найдена | Файл: D:\Openserver\Unpacked\OSPanel\domains\ishop2.loc\public\index.php | Строка: 5
=============
[2021-03-06 16:16:31] Текст ошибки: Страница не найдена | Файл: D:\Openserver\Unpacked\OSPanel\domains\ishop2.loc\public\index.php | Строка: 5
=============
[2021-03-06 16:17:19] Текст ошибки: Страница не найдена | Файл: D:\Openserver\Unpacked\OSPanel\domains\ishop2.loc\public\index.php | Строка: 5
=============
[2021-03-06 16:17:20] Текст ошибки: Страница не найдена | Файл: D:\Openserver\Unpacked\OSPanel\domains\ishop2.loc\public\index.php | Строка: 5
=============
[2021-03-06 16:17:27] Текст ошибки: Страница не найдена | Файл: D:\Openserver\Unpacked\OSPanel\domains\ishop2.loc\public\index.php | Строка: 5
=============
[2021-03-06 16:17:58] Текст ошибки: Страница не найдена | Файл: D:\Openserver\Unpacked\OSPanel\domains\ishop2.loc\public\index.php | Строка: 5
=============
[2021-03-06 16:25:48] Текст ошибки: Страница не найдена | Файл: D:\Openserver\Unpacked\OSPanel\domains\ishop2.loc\public\index.php | Строка: 5
=============
[2021-03-06 16:31:18] Текст ошибки: Страница не найдена | Файл: D:\Openserver\Unpacked\OSPanel\domains\ishop2.loc\public\index.php | Строка: 5
=============
[2021-03-06 16:31:24] Текст ошибки: Страница не найдена | Файл: D:\Openserver\Unpacked\OSPanel\domains\ishop2.loc\public\index.php | Строка: 5
=============
[2021-03-06 16:31:25] Текст ошибки: Страница не найдена | Файл: D:\Openserver\Unpacked\OSPanel\domains\ishop2.loc\public\index.php | Строка: 5
=============
[2021-03-06 16:32:10] Текст ошибки: Страница не найдена | Файл: D:\Openserver\Unpacked\OSPanel\domains\ishop2.loc\public\index.php | Строка: 5
=============
[2021-03-06 16:36:53] Текст ошибки: Страница не найдена | Файл: D:\Openserver\Unpacked\OSPanel\domains\ishop2.loc\public\index.php | Строка: 5
=============
[2021-03-08 13:59:52] Текст ошибки: Страница не найдена | Файл: D:\Openserver\Unpacked\OSPanel\domains\ishop2.loc\vendor\ishop\core\Router.php | Строка: 32
=============
[2021-03-08 13:59:55] Текст ошибки: Страница не найдена | Файл: D:\Openserver\Unpacked\OSPanel\domains\ishop2.loc\vendor\ishop\core\Router.php | Строка: 32
=============
[2021-03-08 14:25:33] Текст ошибки: Контроллер app\controllers\PageController не найден | Файл: D:\Openserver\Unpacked\OSPanel\domains\ishop2.loc\vendor\ishop\core\Router.php | Строка: 35
=============
[2021-03-08 17:18:23] Текст ошибки: Контроллер app\controllers\MainController не найден | Файл: D:\Openserver\Unpacked\OSPanel\domains\ishop2.loc\vendor\ishop\core\Router.php | Строка: 40
=============
[2021-03-08 17:18:23] Текст ошибки: Страница не найдена | Файл: D:\Openserver\Unpacked\OSPanel\domains\ishop2.loc\vendor\ishop\core\Router.php | Строка: 43
=============
[2021-03-08 19:38:17] Текст ошибки: Страница не найдена | Файл: D:\Openserver\Unpacked\OSPanel\domains\ishop2.loc\vendor\ishop\core\Router.php | Строка: 44
=============
[2021-03-09 21:39:21] Текст ошибки: Страница не найдена | Файл: D:\Openserver\Unpacked\OSPanel\domains\ishop2.loc\vendor\ishop\core\Router.php | Строка: 44
=============
[2021-03-09 21:51:52] Текст ошибки: Контроллер app\controllers\NameController не найден | Файл: D:\Openserver\Unpacked\OSPanel\domains\ishop2.loc\vendor\ishop\core\Router.php | Строка: 42
=============
[2021-03-09 21:51:58] Текст ошибки: Контроллер app\controllers\NameController не найден | Файл: D:\Openserver\Unpacked\OSPanel\domains\ishop2.loc\vendor\ishop\core\Router.php | Строка: 42
=============
[2021-03-30 18:26:35] Текст ошибки: Страница не найдена | Файл: D:\Openserver\Unpacked\OSPanel\domains\ishop2.loc\vendor\ishop\core\Router.php | Строка: 45
=============
[2021-03-30 18:55:18] Текст ошибки: Страница не найдена | Файл: D:\Openserver\Unpacked\OSPanel\domains\ishop2.loc\vendor\ishop\core\Router.php | Строка: 45
=============
[2021-03-30 19:22:38] Текст ошибки: Страница не найдена | Файл: D:\Openserver\Unpacked\OSPanel\domains\ishop2.loc\vendor\ishop\core\Router.php | Строка: 45
=============
[2021-03-30 19:22:38] Текст ошибки: Страница не найдена | Файл: D:\Openserver\Unpacked\OSPanel\domains\ishop2.loc\vendor\ishop\core\Router.php | Строка: 45
=============
[2021-03-30 19:22:38] Текст ошибки: Страница не найдена | Файл: D:\Openserver\Unpacked\OSPanel\domains\ishop2.loc\vendor\ishop\core\Router.php | Строка: 45
=============
[2021-03-30 19:22:38] Текст ошибки: Страница не найдена | Файл: D:\Openserver\Unpacked\OSPanel\domains\ishop2.loc\vendor\ishop\core\Router.php | Строка: 45
=============
[2021-03-30 19:22:38] Текст ошибки: Страница не найдена | Файл: D:\Openserver\Unpacked\OSPanel\domains\ishop2.loc\vendor\ishop\core\Router.php | Строка: 45
=============
[2021-03-30 19:22:38] Текст ошибки: Страница не найдена | Файл: D:\Openserver\Unpacked\OSPanel\domains\ishop2.loc\vendor\ishop\core\Router.php | Строка: 45
=============
[2021-03-30 19:22:38] Текст ошибки: Страница не найдена | Файл: D:\Openserver\Unpacked\OSPanel\domains\ishop2.loc\vendor\ishop\core\Router.php | Строка: 45
=============
[2021-03-30 19:22:38] Текст ошибки: Страница не найдена | Файл: D:\Openserver\Unpacked\OSPanel\domains\ishop2.loc\vendor\ishop\core\Router.php | Строка: 45
=============
[2021-03-30 19:22:38] Текст ошибки: Страница не найдена | Файл: D:\Openserver\Unpacked\OSPanel\domains\ishop2.loc\vendor\ishop\core\Router.php | Строка: 45
=============
[2021-03-30 19:22:38] Текст ошибки: Страница не найдена | Файл: D:\Openserver\Unpacked\OSPanel\domains\ishop2.loc\vendor\ishop\core\Router.php | Строка: 45
=============
[2021-03-30 19:22:38] Текст ошибки: Страница не найдена | Файл: D:\Openserver\Unpacked\OSPanel\domains\ishop2.loc\vendor\ishop\core\Router.php | Строка: 45
=============
[2021-03-30 19:22:38] Текст ошибки: Страница не найдена | Файл: D:\Openserver\Unpacked\OSPanel\domains\ishop2.loc\vendor\ishop\core\Router.php | Строка: 45
=============
[2021-03-30 19:22:38] Текст ошибки: Страница не найдена | Файл: D:\Openserver\Unpacked\OSPanel\domains\ishop2.loc\vendor\ishop\core\Router.php | Строка: 45
=============
[2021-03-30 19:22:38] Текст ошибки: Страница не найдена | Файл: D:\Openserver\Unpacked\OSPanel\domains\ishop2.loc\vendor\ishop\core\Router.php | Строка: 45
=============
[2021-03-30 19:22:38] Текст ошибки: Страница не найдена | Файл: D:\Openserver\Unpacked\OSPanel\domains\ishop2.loc\vendor\ishop\core\Router.php | Строка: 45
=============
[2021-03-30 19:22:38] Текст ошибки: Страница не найдена | Файл: D:\Openserver\Unpacked\OSPanel\domains\ishop2.loc\vendor\ishop\core\Router.php | Строка: 45
=============
[2021-03-30 19:22:38] Текст ошибки: Страница не найдена | Файл: D:\Openserver\Unpacked\OSPanel\domains\ishop2.loc\vendor\ishop\core\Router.php | Строка: 45
=============
[2021-03-30 19:22:38] Текст ошибки: Страница не найдена | Файл: D:\Openserver\Unpacked\OSPanel\domains\ishop2.loc\vendor\ishop\core\Router.php | Строка: 45
=============
[2021-03-30 19:22:38] Текст ошибки: Страница не найдена | Файл: D:\Openserver\Unpacked\OSPanel\domains\ishop2.loc\vendor\ishop\core\Router.php | Строка: 45
=============
[2021-03-30 19:22:38] Текст ошибки: Страница не найдена | Файл: D:\Openserver\Unpacked\OSPanel\domains\ishop2.loc\vendor\ishop\core\Router.php | Строка: 45
=============
[2021-03-30 19:22:38] Текст ошибки: Страница не найдена | Файл: D:\Openserver\Unpacked\OSPanel\domains\ishop2.loc\vendor\ishop\core\Router.php | Строка: 45
=============
[2021-03-30 19:22:38] Текст ошибки: Страница не найдена | Файл: D:\Openserver\Unpacked\OSPanel\domains\ishop2.loc\vendor\ishop\core\Router.php | Строка: 45
=============
[2021-03-30 19:22:38] Текст ошибки: Страница не найдена | Файл: D:\Openserver\Unpacked\OSPanel\domains\ishop2.loc\vendor\ishop\core\Router.php | Строка: 45
=============
[2021-03-30 19:22:38] Текст ошибки: Страница не найдена | Файл: D:\Openserver\Unpacked\OSPanel\domains\ishop2.loc\vendor\ishop\core\Router.php | Строка: 45
=============
[2021-03-30 19:22:38] Текст ошибки: Страница не найдена | Файл: D:\Openserver\Unpacked\OSPanel\domains\ishop2.loc\vendor\ishop\core\Router.php | Строка: 45
=============
[2021-03-30 19:22:38] Текст ошибки: Страница не найдена | Файл: D:\Openserver\Unpacked\OSPanel\domains\ishop2.loc\vendor\ishop\core\Router.php | Строка: 45
=============
[2021-03-30 19:22:38] Текст ошибки: Страница не найдена | Файл: D:\Openserver\Unpacked\OSPanel\domains\ishop2.loc\vendor\ishop\core\Router.php | Строка: 45
=============
[2021-03-30 19:22:38] Текст ошибки: Страница не найдена | Файл: D:\Openserver\Unpacked\OSPanel\domains\ishop2.loc\vendor\ishop\core\Router.php | Строка: 45
=============
[2021-03-30 19:22:38] Текст ошибки: Страница не найдена | Файл: D:\Openserver\Unpacked\OSPanel\domains\ishop2.loc\vendor\ishop\core\Router.php | Строка: 45
=============
[2021-03-30 19:22:38] Текст ошибки: Страница не найдена | Файл: D:\Openserver\Unpacked\OSPanel\domains\ishop2.loc\vendor\ishop\core\Router.php | Строка: 45
=============
[2021-03-30 19:23:58] Текст ошибки: Страница не найдена | Файл: D:\Openserver\Unpacked\OSPanel\domains\ishop2.loc\vendor\ishop\core\Router.php | Строка: 45
=============
[2021-03-30 19:23:58] Текст ошибки: Страница не найдена | Файл: D:\Openserver\Unpacked\OSPanel\domains\ishop2.loc\vendor\ishop\core\Router.php | Строка: 45
=============
[2021-03-30 19:23:58] Текст ошибки: Страница не найдена | Файл: D:\Openserver\Unpacked\OSPanel\domains\ishop2.loc\vendor\ishop\core\Router.php | Строка: 45
=============
[2021-03-30 19:23:58] Текст ошибки: Страница не найдена | Файл: D:\Openserver\Unpacked\OSPanel\domains\ishop2.loc\vendor\ishop\core\Router.php | Строка: 45
=============
[2021-03-30 19:23:58] Текст ошибки: Страница не найдена | Файл: D:\Openserver\Unpacked\OSPanel\domains\ishop2.loc\vendor\ishop\core\Router.php | Строка: 45
=============
[2021-03-30 19:23:58] Текст ошибки: Страница не найдена | Файл: D:\Openserver\Unpacked\OSPanel\domains\ishop2.loc\vendor\ishop\core\Router.php | Строка: 45
=============
[2021-03-30 19:23:58] Текст ошибки: Страница не найдена | Файл: D:\Openserver\Unpacked\OSPanel\domains\ishop2.loc\vendor\ishop\core\Router.php | Строка: 45
=============
[2021-03-30 19:23:58] Текст ошибки: Страница не найдена | Файл: D:\Openserver\Unpacked\OSPanel\domains\ishop2.loc\vendor\ishop\core\Router.php | Строка: 45
=============
[2021-03-30 19:23:58] Текст ошибки: Страница не найдена | Файл: D:\Openserver\Unpacked\OSPanel\domains\ishop2.loc\vendor\ishop\core\Router.php | Строка: 45
=============
[2021-03-30 19:23:58] Текст ошибки: Страница не найдена | Файл: D:\Openserver\Unpacked\OSPanel\domains\ishop2.loc\vendor\ishop\core\Router.php | Строка: 45
=============
[2021-03-30 19:23:58] Текст ошибки: Страница не найдена | Файл: D:\Openserver\Unpacked\OSPanel\domains\ishop2.loc\vendor\ishop\core\Router.php | Строка: 45
=============
[2021-03-30 19:23:58] Текст ошибки: Страница не найдена | Файл: D:\Openserver\Unpacked\OSPanel\domains\ishop2.loc\vendor\ishop\core\Router.php | Строка: 45
=============
[2021-03-30 19:23:58] Текст ошибки: Страница не найдена | Файл: D:\Openserver\Unpacked\OSPanel\domains\ishop2.loc\vendor\ishop\core\Router.php | Строка: 45
=============
[2021-03-30 19:23:58] Текст ошибки: Страница не найдена | Файл: D:\Openserver\Unpacked\OSPanel\domains\ishop2.loc\vendor\ishop\core\Router.php | Строка: 45
=============
[2021-03-30 19:23:58] Текст ошибки: Страница не найдена | Файл: D:\Openserver\Unpacked\OSPanel\domains\ishop2.loc\vendor\ishop\core\Router.php | Строка: 45
=============
[2021-03-30 19:23:58] Текст ошибки: Страница не найдена | Файл: D:\Openserver\Unpacked\OSPanel\domains\ishop2.loc\vendor\ishop\core\Router.php | Строка: 45
=============
[2021-03-30 19:23:58] Текст ошибки: Страница не найдена | Файл: D:\Openserver\Unpacked\OSPanel\domains\ishop2.loc\vendor\ishop\core\Router.php | Строка: 45
=============
[2021-03-30 19:23:58] Текст ошибки: Страница не найдена | Файл: D:\Openserver\Unpacked\OSPanel\domains\ishop2.loc\vendor\ishop\core\Router.php | Строка: 45
=============
[2021-03-30 19:23:58] Текст ошибки: Страница не найдена | Файл: D:\Openserver\Unpacked\OSPanel\domains\ishop2.loc\vendor\ishop\core\Router.php | Строка: 45
=============
[2021-03-30 19:23:58] Текст ошибки: Страница не найдена | Файл: D:\Openserver\Unpacked\OSPanel\domains\ishop2.loc\vendor\ishop\core\Router.php | Строка: 45
=============
[2021-03-30 19:23:58] Текст ошибки: Страница не найдена | Файл: D:\Openserver\Unpacked\OSPanel\domains\ishop2.loc\vendor\ishop\core\Router.php | Строка: 45
=============
[2021-03-30 19:23:58] Текст ошибки: Страница не найдена | Файл: D:\Openserver\Unpacked\OSPanel\domains\ishop2.loc\vendor\ishop\core\Router.php | Строка: 45
=============
[2021-03-30 19:23:58] Текст ошибки: Страница не найдена | Файл: D:\Openserver\Unpacked\OSPanel\domains\ishop2.loc\vendor\ishop\core\Router.php | Строка: 45
=============
[2021-03-30 19:23:58] Текст ошибки: Страница не найдена | Файл: D:\Openserver\Unpacked\OSPanel\domains\ishop2.loc\vendor\ishop\core\Router.php | Строка: 45
=============
[2021-03-30 19:23:58] Текст ошибки: Страница не найдена | Файл: D:\Openserver\Unpacked\OSPanel\domains\ishop2.loc\vendor\ishop\core\Router.php | Строка: 45
=============
[2021-03-30 19:23:58] Текст ошибки: Страница не найдена | Файл: D:\Openserver\Unpacked\OSPanel\domains\ishop2.loc\vendor\ishop\core\Router.php | Строка: 45
=============
[2021-03-30 19:23:58] Текст ошибки: Страница не найдена | Файл: D:\Openserver\Unpacked\OSPanel\domains\ishop2.loc\vendor\ishop\core\Router.php | Строка: 45
=============
[2021-03-30 19:23:58] Текст ошибки: Страница не найдена | Файл: D:\Openserver\Unpacked\OSPanel\domains\ishop2.loc\vendor\ishop\core\Router.php | Строка: 45
=============
[2021-03-30 19:23:58] Текст ошибки: Страница не найдена | Файл: D:\Openserver\Unpacked\OSPanel\domains\ishop2.loc\vendor\ishop\core\Router.php | Строка: 45
=============
[2021-03-30 19:23:58] Текст ошибки: Страница не найдена | Файл: D:\Openserver\Unpacked\OSPanel\domains\ishop2.loc\vendor\ishop\core\Router.php | Строка: 45
=============
[2021-03-30 19:27:17] Текст ошибки: Страница не найдена | Файл: D:\Openserver\Unpacked\OSPanel\domains\ishop2.loc\vendor\ishop\core\Router.php | Строка: 45
=============
[2021-03-30 20:35:13] Текст ошибки: Страница не найдена | Файл: D:\Openserver\Unpacked\OSPanel\domains\ishop2.loc\vendor\ishop\core\Router.php | Строка: 45
=============
[2021-03-30 23:03:21] Текст ошибки: Страница не найдена | Файл: D:\Openserver\Unpacked\OSPanel\domains\ishop2.loc\vendor\ishop\core\Router.php | Строка: 45
=============
[2021-03-30 23:28:30] Текст ошибки: Страница не найдена | Файл: D:\Openserver\Unpacked\OSPanel\domains\ishop2.loc\vendor\ishop\core\Router.php | Строка: 45
=============
[2021-03-30 23:29:53] Текст ошибки: Страница не найдена | Файл: D:\Openserver\Unpacked\OSPanel\domains\ishop2.loc\vendor\ishop\core\Router.php | Строка: 45
=============
[2021-04-07 11:00:49] Текст ошибки: Страница не найдена | Файл: D:\Openserver\Unpacked\OSPanel\domains\ishop2.loc\vendor\ishop\core\Router.php | Строка: 45
=============
[2021-04-07 14:53:06] Текст ошибки: Страница не найдена | Файл: D:\Openserver\Unpacked\OSPanel\domains\ishop2.loc\vendor\ishop\core\Router.php | Строка: 45
=============
[2021-04-07 22:00:30] Текст ошибки: Страница не найдена | Файл: D:\Openserver\Unpacked\OSPanel\domains\ishop2.loc\vendor\ishop\core\Router.php | Строка: 45
=============
[2021-04-07 22:04:35] Текст ошибки: syntax error, unexpected ';', expecting ']' | Файл: D:\Openserver\Unpacked\OSPanel\domains\ishop2.loc\app\widgets\menu\Menu.php | Строка: 69
=============
[2021-04-07 22:39:09] Текст ошибки: Страница не найдена | Файл: D:\Openserver\Unpacked\OSPanel\domains\ishop2.loc\vendor\ishop\core\Router.php | Строка: 45
=============
[2021-04-07 22:39:54] Текст ошибки: Страница не найдена | Файл: D:\Openserver\Unpacked\OSPanel\domains\ishop2.loc\vendor\ishop\core\Router.php | Строка: 45
=============
[2021-04-07 22:41:28] Текст ошибки: Страница не найдена | Файл: D:\Openserver\Unpacked\OSPanel\domains\ishop2.loc\vendor\ishop\core\Router.php | Строка: 45
=============
[2021-04-07 22:42:26] Текст ошибки: Страница не найдена | Файл: D:\Openserver\Unpacked\OSPanel\domains\ishop2.loc\vendor\ishop\core\Router.php | Строка: 45
=============
[2021-04-07 22:42:55] Текст ошибки: Страница не найдена | Файл: D:\Openserver\Unpacked\OSPanel\domains\ishop2.loc\vendor\ishop\core\Router.php | Строка: 45
=============
[2021-04-07 22:42:57] Текст ошибки: Страница не найдена | Файл: D:\Openserver\Unpacked\OSPanel\domains\ishop2.loc\vendor\ishop\core\Router.php | Строка: 45
=============
[2021-04-07 22:43:18] Текст ошибки: Страница не найдена | Файл: D:\Openserver\Unpacked\OSPanel\domains\ishop2.loc\vendor\ishop\core\Router.php | Строка: 45
=============
[2021-04-07 22:43:26] Текст ошибки: Страница не найдена | Файл: D:\Openserver\Unpacked\OSPanel\domains\ishop2.loc\vendor\ishop\core\Router.php | Строка: 45
=============
[2021-04-07 22:46:29] Текст ошибки: Страница не найдена | Файл: D:\Openserver\Unpacked\OSPanel\domains\ishop2.loc\vendor\ishop\core\Router.php | Строка: 45
=============
[2021-04-07 22:47:09] Текст ошибки: Страница не найдена | Файл: D:\Openserver\Unpacked\OSPanel\domains\ishop2.loc\vendor\ishop\core\Router.php | Строка: 45
=============
[2021-04-07 23:02:24] Текст ошибки: Страница не найдена | Файл: D:\Openserver\Unpacked\OSPanel\domains\ishop2.loc\vendor\ishop\core\Router.php | Строка: 45
=============
[2021-04-07 23:02:25] Текст ошибки: Страница не найдена | Файл: D:\Openserver\Unpacked\OSPanel\domains\ishop2.loc\vendor\ishop\core\Router.php | Строка: 45
=============
